<?xml version="1.0" encoding="UTF-8"?>
<testsuite xmlns:xsi="http://www.w3.org/2001/XMLSchema-instance" xsi:noNamespaceSchemaLocation="https://maven.apache.org/surefire/maven-surefire-plugin/xsd/surefire-test-report-3.0.xsd" version="3.0" name="com.ttknpdev.myportfolio.MyPortfolioApplicationTests" time="3.532" tests="1" errors="0" skipped="0" failures="0">
  <properties>
[...]
</properties>
  <testcase name="contextLoads" classname="com.ttknpdev.myportfolio.MyPortfolioApplicationTests" time="0.914">
    <system-out><![CDATA[11:46:20.332 [main] INFO org.springframework.test.context.support.AnnotationConfigContextLoaderUtils -- Could not detect default configuration classes for test class [com.ttknpdev.myportfolio.MyPortfolioApplicationTests]: MyPortfolioApplicationTests does not declare any static, non-private, non-final, nested classes annotated with @Configuration.
11:46:20.452 [main] INFO org.springframework.boot.test.context.SpringBootTestContextBootstrapper -- Found @SpringBootConfiguration com.ttknpdev.myportfolio.MyPortfolioApplication for test class com.ttknpdev.myportfolio.MyPortfolioApplicationTests
2024-04-21T11:46:21.018+07:00  INFO 26248 --- [           main] c.t.m.MyPortfolioApplicationTests        : Starting MyPortfolioApplicationTests using Java 17.0.3.1 with PID 26248 (started by User in B:\practice-java-one-jetbrains\LearnSpringBean\my-portfolio)
2024-04-21T11:46:21.021+07:00  INFO 26248 --- [           main] c.t.m.MyPortfolioApplicationTests        : No active profile set, falling back to 1 default profile: "default"
2024-04-21T11:46:22.511+07:00  INFO 26248 --- [           main] o.s.b.a.w.s.WelcomePageHandlerMapping    : Adding welcome page template: index
2024-04-21T11:46:22.729+07:00  INFO 26248 --- [           main] c.t.m.MyPortfolioApplicationTests        : Started MyPortfolioApplicationTests in 2.082 seconds (process running for 3.198)
]]></system-out>
  </testcase>
</testsuite>